# JRE version: OpenJDK Runtime Environment (8.0_151-b12) (build 1.8.0_151-8u151-b12-0ubuntu0.17.04.2-b12)
# Java VM: OpenJDK 64-Bit Server VM (25.151-b12 mixed mode linux-amd64 compressed oops)
Heap:
 garbage-first heap   total 270336K, used 205824K [0x00000000c0000000, 0x00000000c0100840, 0x0000000100000000)
  region size 1024K, 115 young (117760K), 9 survivors (9216K)
 Metaspace       used 119380K, capacity 130018K, committed 130252K, reserved 1163264K
  class space    used 13935K, capacity 16975K, committed 17100K, reserved 1048576K
GC Heap History (10 events):
Event: 2559,134 GC heap before
{Heap before GC invocations=65 (full 0):
 garbage-first heap   total 270336K, used 137881K [0x00000000c0000000, 0x00000000c0100840, 0x0000000100000000)
  region size 1024K, 13 young (13312K), 1 survivors (1024K)
 Metaspace       used 116375K, capacity 126870K, committed 127308K, reserved 1159168K
  class space    used 13637K, capacity 16611K, committed 16716K, reserved 1048576K
Event: 2559,152 GC heap after
Heap after GC invocations=66 (full 0):
 garbage-first heap   total 270336K, used 102056K [0x00000000c0000000, 0x00000000c0100840, 0x0000000100000000)
  region size 1024K, 1 young (1024K), 1 survivors (1024K)
 Metaspace       used 116375K, capacity 126870K, committed 127308K, reserved 1159168K
  class space    used 13637K, capacity 16611K, committed 16716K, reserved 1048576K
}
Event: 2561,552 GC heap before
{Heap before GC invocations=66 (full 0):
 garbage-first heap   total 270336K, used 114344K [0x00000000c0000000, 0x00000000c0100840, 0x0000000100000000)
  region size 1024K, 13 young (13312K), 1 survivors (1024K)
 Metaspace       used 116375K, capacity 126870K, committed 127308K, reserved 1159168K
  class space    used 13637K, capacity 16611K, committed 16716K, reserved 1048576K
Event: 2561,588 GC heap after
Heap after GC invocations=67 (full 0):
 garbage-first heap   total 270336K, used 89177K [0x00000000c0000000, 0x00000000c0100840, 0x0000000100000000)
  region size 1024K, 1 young (1024K), 1 survivors (1024K)
 Metaspace       used 116375K, capacity 126870K, committed 127308K, reserved 1159168K
  class space    used 13637K, capacity 16611K, committed 16716K, reserved 1048576K
}
Event: 2574,987 GC heap before
{Heap before GC invocations=67 (full 0):
 garbage-first heap   total 270336K, used 235258K [0x00000000c0000000, 0x00000000c0100840, 0x0000000100000000)
  region size 1024K, 142 young (145408K), 1 survivors (1024K)
 Metaspace       used 117414K, capacity 127966K, committed 128460K, reserved 1161216K
  class space    used 13747K, capacity 16714K, committed 16844K, reserved 1048576K
Event: 2575,014 GC heap after
Heap after GC invocations=68 (full 0):
 garbage-first heap   total 270336K, used 95128K [0x00000000c0000000, 0x00000000c0100840, 0x0000000100000000)
  region size 1024K, 6 young (6144K), 6 survivors (6144K)
 Metaspace       used 117414K, capacity 127966K, committed 128460K, reserved 1161216K
  class space    used 13747K, capacity 16714K, committed 16844K, reserved 1048576K
}
Event: 2601,614 GC heap before
{Heap before GC invocations=68 (full 0):
 garbage-first heap   total 270336K, used 233368K [0x00000000c0000000, 0x00000000c0100840, 0x0000000100000000)
  region size 1024K, 141 young (144384K), 6 survivors (6144K)
 Metaspace       used 117729K, capacity 128196K, committed 128460K, reserved 1161216K
  class space    used 13764K, capacity 16747K, committed 16844K, reserved 1048576K
Event: 2601,631 GC heap after
Heap after GC invocations=69 (full 0):
 garbage-first heap   total 270336K, used 96768K [0x00000000c0000000, 0x00000000c0100840, 0x0000000100000000)
  region size 1024K, 8 young (8192K), 8 survivors (8192K)
 Metaspace       used 117729K, capacity 128196K, committed 128460K, reserved 1161216K
  class space    used 13764K, capacity 16747K, committed 16844K, reserved 1048576K
}
Event: 2625,342 GC heap before
{Heap before GC invocations=69 (full 0):
 garbage-first heap   total 270336K, used 232960K [0x00000000c0000000, 0x00000000c0100840, 0x0000000100000000)
  region size 1024K, 141 young (144384K), 8 survivors (8192K)
 Metaspace       used 118492K, capacity 129254K, committed 129612K, reserved 1161216K
  class space    used 13834K, capacity 16858K, committed 16972K, reserved 1048576K
Event: 2625,361 GC heap after
Heap after GC invocations=70 (full 0):
 garbage-first heap   total 270336K, used 98304K [0x00000000c0000000, 0x00000000c0100840, 0x0000000100000000)
  region size 1024K, 9 young (9216K), 9 survivors (9216K)
 Metaspace       used 118492K, capacity 129254K, committed 129612K, reserved 1161216K
  class space    used 13834K, capacity 16858K, committed 16972K, reserved 1048576K
}

